TN:
SF:config/database.ts
FN:7,Database
FN:15,getInstance
FN:22,get db
FNF:3
FNH:3
FNDA:2,Database
FNDA:2,getInstance
FNDA:2,get db
DA:1,1
DA:2,1
DA:3,1
DA:4,1
DA:5,1
DA:6,1
DA:7,1
DA:8,2
DA:9,2
DA:10,2
DA:11,2
DA:12,2
DA:13,2
DA:14,1
DA:15,1
DA:16,2
DA:17,2
DA:18,2
DA:19,2
DA:20,2
DA:21,1
DA:22,1
DA:23,2
DA:24,2
DA:25,1
DA:26,1
DA:27,1
LF:27
LH:27
BRDA:7,0,0,2
BRDA:15,1,0,2
BRDA:22,2,0,2
BRF:3
BRH:3
end_of_record
TN:
SF:controllers/api/ControllerAuth.ts
FN:7,ControllerAuth
FN:11,login
FN:32,registerAdmin
FNF:3
FNH:3
FNDA:4,ControllerAuth
FNDA:2,login
FNDA:2,registerAdmin
DA:1,1
DA:2,1
DA:3,1
DA:4,1
DA:5,1
DA:6,1
DA:7,1
DA:8,4
DA:9,4
DA:10,1
DA:11,1
DA:12,2
DA:13,2
DA:14,2
DA:15,2
DA:16,2
DA:17,2
DA:18,2
DA:19,1
DA:20,1
DA:21,1
DA:22,1
DA:23,1
DA:24,1
DA:25,1
DA:26,1
DA:27,1
DA:28,1
DA:29,2
DA:30,2
DA:31,1
DA:32,1
DA:33,2
DA:34,2
DA:35,2
DA:36,2
DA:37,2
DA:38,2
DA:39,2
DA:40,2
DA:41,2
DA:42,1
DA:43,1
DA:44,1
DA:45,1
DA:46,1
DA:47,1
DA:48,1
DA:49,1
DA:50,1
DA:51,2
DA:52,2
DA:53,1
DA:54,1
DA:55,1
LF:55
LH:55
BRDA:7,0,0,4
BRDA:11,1,0,2
BRDA:13,2,0,2
BRDA:13,3,0,2
BRDA:19,4,0,1
BRDA:32,5,0,2
BRDA:34,6,0,2
BRDA:34,7,0,2
BRDA:42,8,0,1
BRF:9
BRH:9
end_of_record
TN:
SF:models/Cars.ts
FN:30,get tableName
FN:34,get idColumn
FNF:2
FNH:0
FNDA:0,get tableName
FNDA:0,get idColumn
DA:1,1
DA:2,1
DA:3,1
DA:4,1
DA:5,1
DA:6,1
DA:7,1
DA:8,1
DA:9,1
DA:10,1
DA:11,1
DA:12,1
DA:13,1
DA:14,1
DA:15,1
DA:16,1
DA:17,1
DA:18,1
DA:19,1
DA:20,1
DA:21,1
DA:22,1
DA:23,1
DA:24,1
DA:25,1
DA:26,1
DA:27,1
DA:28,1
DA:29,1
DA:30,1
DA:31,0
DA:32,0
DA:33,1
DA:34,1
DA:35,0
DA:36,0
DA:37,1
DA:38,1
DA:39,1
LF:39
LH:35
BRF:0
BRH:0
end_of_record
TN:
SF:models/Users.ts
FN:17,get tableName
FN:20,get idColumn
FNF:2
FNH:0
FNDA:0,get tableName
FNDA:0,get idColumn
DA:1,1
DA:2,1
DA:3,1
DA:4,1
DA:5,1
DA:6,1
DA:7,1
DA:8,1
DA:9,1
DA:10,1
DA:11,1
DA:12,1
DA:13,1
DA:14,1
DA:15,1
DA:16,1
DA:17,1
DA:18,0
DA:19,0
DA:20,1
DA:21,0
DA:22,0
DA:23,1
DA:24,1
DA:25,1
LF:25
LH:21
BRF:0
BRH:0
end_of_record
TN:
SF:repositories/RepoCars.ts
FN:11,RepoCars
FN:13,count
FN:25,list
FN:46,show
FN:51,create
FN:60,remove
FN:71,update
FNF:7
FNH:0
FNDA:0,RepoCars
FNDA:0,count
FNDA:0,list
FNDA:0,show
FNDA:0,create
FNDA:0,remove
FNDA:0,update
DA:1,1
DA:2,1
DA:3,1
DA:4,1
DA:5,1
DA:6,1
DA:7,1
DA:8,1
DA:9,1
DA:10,1
DA:11,1
DA:12,1
DA:13,1
DA:14,0
DA:15,0
DA:16,0
DA:17,0
DA:18,0
DA:19,0
DA:20,0
DA:21,0
DA:22,0
DA:23,0
DA:24,1
DA:25,1
DA:26,0
DA:27,0
DA:28,0
DA:29,0
DA:30,0
DA:31,0
DA:32,0
DA:33,0
DA:34,0
DA:35,0
DA:36,0
DA:37,0
DA:38,0
DA:39,0
DA:40,0
DA:41,0
DA:42,0
DA:43,0
DA:44,0
DA:45,1
DA:46,1
DA:47,0
DA:48,0
DA:49,0
DA:50,1
DA:51,1
DA:52,0
DA:53,0
DA:54,0
DA:55,0
DA:56,0
DA:57,0
DA:58,0
DA:59,1
DA:60,1
DA:61,0
DA:62,0
DA:63,0
DA:64,0
DA:65,0
DA:66,0
DA:67,0
DA:68,0
DA:69,0
DA:70,1
DA:71,1
DA:72,0
DA:73,0
DA:74,0
DA:75,0
DA:76,0
DA:77,0
DA:78,0
DA:79,0
DA:80,0
DA:81,1
DA:82,1
DA:83,1
LF:83
LH:26
BRF:0
BRH:0
end_of_record
TN:
SF:repositories/RepoUsers.ts
FN:11,RepoUsers
FN:12,findByUsername
FN:16,findById
FN:20,create
FNF:4
FNH:0
FNDA:0,RepoUsers
FNDA:0,findByUsername
FNDA:0,findById
FNDA:0,create
DA:1,1
DA:2,1
DA:3,1
DA:4,1
DA:5,1
DA:6,1
DA:7,1
DA:8,1
DA:9,1
DA:10,1
DA:11,1
DA:12,1
DA:13,0
DA:14,0
DA:15,0
DA:16,1
DA:17,0
DA:18,0
DA:19,0
DA:20,1
DA:21,0
DA:22,0
DA:23,0
DA:24,1
DA:25,1
DA:26,1
LF:26
LH:17
BRF:0
BRH:0
end_of_record
TN:
SF:services/ServiceAuth.ts
FN:19,ServiceAuth
FN:23,login
FN:38,register
FN:47,getUserById
FN:52,generateToken
FN:56,validateToken
FN:60,validateRole
FN:63,encryptPassword
FNF:8
FNH:8
FNDA:10,ServiceAuth
FNDA:3,login
FNDA:1,register
FNDA:1,getUserById
FNDA:2,generateToken
FNDA:1,validateToken
FNDA:2,validateRole
FNDA:1,encryptPassword
DA:1,1
DA:2,1
DA:3,1
DA:4,1
DA:5,1
DA:6,1
DA:7,1
DA:8,1
DA:9,1
DA:10,1
DA:11,1
DA:12,1
DA:13,1
DA:14,1
DA:15,1
DA:16,1
DA:17,1
DA:18,1
DA:19,1
DA:20,10
DA:21,10
DA:22,1
DA:23,1
DA:24,3
DA:25,3
DA:26,1
DA:27,1
DA:28,2
DA:29,2
DA:30,2
DA:31,2
DA:32,3
DA:33,1
DA:34,1
DA:35,1
DA:36,1
DA:37,1
DA:38,1
DA:39,1
DA:40,1
DA:41,1
DA:42,1
DA:43,1
DA:44,1
DA:45,1
DA:46,1
DA:47,1
DA:48,1
DA:49,1
DA:50,1
DA:51,1
DA:52,1
DA:53,2
DA:54,2
DA:55,2
DA:56,1
DA:57,1
DA:58,1
DA:59,1
DA:60,1
DA:61,2
DA:62,2
DA:63,1
DA:64,1
DA:65,1
DA:66,1
DA:67,1
DA:68,1
DA:69,1
LF:69
LH:69
BRDA:19,0,0,10
BRDA:23,1,0,3
BRDA:25,2,0,1
BRDA:28,3,0,2
BRDA:32,4,0,1
BRDA:38,5,0,1
BRDA:47,6,0,1
BRDA:52,7,0,2
BRDA:56,8,0,1
BRDA:60,9,0,2
BRDA:63,10,0,1
BRF:11
BRH:11
end_of_record
TN:
SF:services/ServiceCars.ts
FN:9,ServiceCars
FN:13,create
FN:19,remove
FN:25,update
FN:31,list
FN:36,count
FN:41,show
FN:46,set setUser
FN:50,get getUser
FNF:9
FNH:9
FNDA:12,ServiceCars
FNDA:2,create
FNDA:2,remove
FNDA:2,update
FNDA:2,list
FNDA:2,count
FNDA:2,show
FNDA:9,set setUser
FNDA:6,get getUser
DA:1,1
DA:2,1
DA:3,1
DA:4,1
DA:5,1
DA:6,1
DA:7,1
DA:8,1
DA:9,1
DA:10,12
DA:11,12
DA:12,1
DA:13,1
DA:14,2
DA:15,2
DA:16,2
DA:17,2
DA:18,1
DA:19,1
DA:20,2
DA:21,2
DA:22,2
DA:23,2
DA:24,1
DA:25,1
DA:26,2
DA:27,2
DA:28,2
DA:29,2
DA:30,1
DA:31,1
DA:32,2
DA:33,2
DA:34,2
DA:35,1
DA:36,1
DA:37,2
DA:38,2
DA:39,2
DA:40,1
DA:41,1
DA:42,2
DA:43,2
DA:44,2
DA:45,1
DA:46,1
DA:47,9
DA:48,9
DA:49,1
DA:50,1
DA:51,6
DA:52,6
DA:53,1
DA:54,1
DA:55,1
LF:55
LH:55
BRDA:9,0,0,12
BRDA:13,1,0,2
BRDA:19,2,0,2
BRDA:25,3,0,2
BRDA:31,4,0,2
BRDA:36,5,0,2
BRDA:41,6,0,2
BRDA:46,7,0,9
BRDA:50,8,0,6
BRF:9
BRH:9
end_of_record
TN:
SF:utils/ClientError.ts
FN:3,ClientError
FNF:1
FNH:1
FNDA:4,ClientError
DA:1,1
DA:2,1
DA:3,1
DA:4,4
DA:5,4
DA:6,4
DA:7,4
DA:8,1
DA:9,1
DA:10,1
LF:10
LH:10
BRDA:3,0,0,4
BRF:1
BRH:1
end_of_record
TN:
SF:utils/ResponseBuilder.ts
FN:4,ResponseBuilder
FN:5,response
FNF:2
FNH:1
FNDA:0,ResponseBuilder
FNDA:2,response
DA:1,1
DA:2,1
DA:3,1
DA:4,1
DA:5,1
DA:6,2
DA:7,2
DA:8,2
DA:9,2
DA:10,2
DA:11,2
DA:12,2
DA:13,2
DA:14,2
DA:15,2
DA:16,2
DA:17,2
DA:18,2
DA:19,2
DA:20,2
DA:21,2
DA:22,2
DA:23,2
DA:24,2
DA:25,2
DA:26,2
DA:27,2
DA:28,2
DA:29,2
DA:30,2
DA:31,1
DA:32,1
DA:33,1
LF:33
LH:33
BRDA:5,0,0,2
BRF:1
BRH:1
end_of_record
